{"numTotalTestSuites":2,"numPassedTestSuites":2,"numFailedTestSuites":0,"numPendingTestSuites":0,"numTotalTests":1,"numPassedTests":1,"numFailedTests":0,"numPendingTests":0,"numTodoTests":0,"snapshot":{"added":0,"failure":false,"filesAdded":0,"filesRemoved":0,"filesRemovedList":[],"filesUnmatched":0,"filesUpdated":0,"matched":0,"total":0,"unchecked":0,"uncheckedKeysByFile":[],"unmatched":0,"updated":0,"didUpdate":false},"startTime":1778445326577,"success":true,"testResults":[{"assertionResults":[{"ancestorTitles":["App"],"fullName":"App should have a title","status":"passed","title":"should have a title","duration":8.5,"failureMessages":[],"meta":{},"tags":[]}],"startTime":1778445327439,"endTime":1778445327447.5,"status":"passed","message":"","name":"/Users/yifeng/Documents/repos/ponyracer/src/app/app.spec.ts"}],"coverageMap":{"/Users/yifeng/Documents/repos/ponyracer/src/app/app.ts":{"path":"/Users/yifeng/Documents/repos/ponyracer/src/app/app.ts","statementMap":{"0":{"start":{"line":9,"column":6},"end":{"line":2,"column":null}},"1":{"start":{"line":10,"column":29},"end":{"line":10,"column":null}},"2":{"start":{"line":9,"column":13},"end":{"line":2,"column":null}},"3":{"start":{"line":9,"column":13},"end":{"line":9,"column":null}},"4":{"start":{"line":9,"column":16},"end":{"line":2,"column":null}},"5":{"start":{"line":9,"column":13},"end":{"line":5,"column":null}}},"fnMap":{"0":{"name":"(anonymous_0)","decl":{"start":{"line":9,"column":16},"end":{"line":9,"column":null}},"loc":{"start":{"line":9,"column":16},"end":{"line":2,"column":null}},"line":9}},"branchMap":{"0":{"loc":{"start":{"line":10,"column":47},"end":{"line":10,"column":null}},"type":"cond-expr","locations":[{"start":{"line":10,"column":47},"end":{"line":10,"column":null}}],"line":10},"1":{"loc":{"start":{"line":9,"column":13},"end":{"line":9,"column":16}},"type":"binary-expr","locations":[{"start":{"line":9,"column":13},"end":{"line":9,"column":16}},{"start":{"line":9,"column":13},"end":{"line":9,"column":16}}],"line":9},"2":{"loc":{"start":{"line":9,"column":16},"end":{"line":2,"column":null}},"type":"if","locations":[{"start":{"line":9,"column":16},"end":{"line":2,"column":null}},{"start":{},"end":{}}],"line":9},"3":{"loc":{"start":{"line":9,"column":13},"end":{"line":5,"column":null}},"type":"binary-expr","locations":[{"start":{"line":9,"column":13},"end":{"line":9,"column":16}},{"start":{"line":9,"column":13},"end":{"line":9,"column":16}},{"start":{"line":9,"column":13},"end":{"line":5,"column":null}}],"line":9},"4":{"loc":{"start":{"line":9,"column":13},"end":{"line":9,"column":null}},"type":"binary-expr","locations":[{"start":{"line":9,"column":13},"end":{"line":9,"column":16}},{"start":{"line":9,"column":13},"end":{"line":9,"column":16}},{"start":{"line":9,"column":13},"end":{"line":9,"column":null}}],"line":9}},"s":{"0":1,"1":1,"2":1,"3":1,"4":1,"5":1},"f":{"0":1},"b":{"0":[1],"1":[1,1],"2":[1,0],"3":[1,1,1],"4":[1,1,1]},"meta":{"lastBranch":5,"lastFunction":1,"lastStatement":6,"seen":{"s:9:6:2:Infinity":0,"s:10:29:10:Infinity":1,"s:9:13:2:Infinity":2,"b:10:47:10:Infinity":0,"s:9:13:9:Infinity":3,"b:9:13:9:16:9:13:9:16":1,"f:9:16:9:Infinity":0,"b:9:16:2:Infinity:undefined:undefined:undefined:undefined":2,"s:9:16:2:Infinity":4,"s:9:13:5:Infinity":5,"b:9:13:9:16:9:13:9:16:9:13:5:Infinity":3,"b:9:13:9:16:9:13:9:16:9:13:9:Infinity":4}}},"/Users/yifeng/Documents/repos/ponyracer/src/app/app.html":{"path":"/Users/yifeng/Documents/repos/ponyracer/src/app/app.html","statementMap":{"0":{"start":{"line":1,"column":0},"end":{"line":1,"column":null}},"1":{"start":{"line":2,"column":6},"end":{"line":2,"column":15}},"2":{"start":{"line":2,"column":15},"end":{"line":2,"column":null}}},"fnMap":{},"branchMap":{},"s":{"0":1,"1":1,"2":1},"f":{},"b":{},"meta":{"lastBranch":0,"lastFunction":0,"lastStatement":3,"seen":{"s:1:0:1:Infinity":0,"s:2:6:2:15":1,"s:2:15:2:Infinity":2}}}}}